<?xml version="1.0" encoding="UTF-8"?>
<testsuite xmlns:xsi="http://www.w3.org/2001/XMLSchema-instance" xsi:noNamespaceSchemaLocation="https://maven.apache.org/surefire/maven-surefire-plugin/xsd/surefire-test-report.xsd" name="TestSuite" time="66.42" tests="8" errors="0" skipped="0" failures="1">
  <properties>
    <property name="java.specification.version" value="14"/>
    <property name="sun.cpu.isalist" value="amd64"/>
    <property name="sun.jnu.encoding" value="Cp1252"/>
    <property name="java.class.path" value="C:\SeleniumWorkSpace\FaceBookProjectTest\target\test-classes;C:\SeleniumWorkSpace\FaceBookProjectTest\target\classes;C:\Users\User-Pc\.m2\repository\org\seleniumhq\selenium\selenium-java\3.141.59\selenium-java-3.141.59.jar;C:\Users\User-Pc\.m2\repository\org\seleniumhq\selenium\selenium-api\3.141.59\selenium-api-3.141.59.jar;C:\Users\User-Pc\.m2\repository\org\seleniumhq\selenium\selenium-chrome-driver\3.141.59\selenium-chrome-driver-3.141.59.jar;C:\Users\User-Pc\.m2\repository\org\seleniumhq\selenium\selenium-edge-driver\3.141.59\selenium-edge-driver-3.141.59.jar;C:\Users\User-Pc\.m2\repository\org\seleniumhq\selenium\selenium-firefox-driver\3.141.59\selenium-firefox-driver-3.141.59.jar;C:\Users\User-Pc\.m2\repository\org\seleniumhq\selenium\selenium-ie-driver\3.141.59\selenium-ie-driver-3.141.59.jar;C:\Users\User-Pc\.m2\repository\org\seleniumhq\selenium\selenium-opera-driver\3.141.59\selenium-opera-driver-3.141.59.jar;C:\Users\User-Pc\.m2\repository\org\seleniumhq\selenium\selenium-remote-driver\3.141.59\selenium-remote-driver-3.141.59.jar;C:\Users\User-Pc\.m2\repository\org\seleniumhq\selenium\selenium-safari-driver\3.141.59\selenium-safari-driver-3.141.59.jar;C:\Users\User-Pc\.m2\repository\org\seleniumhq\selenium\selenium-support\3.141.59\selenium-support-3.141.59.jar;C:\Users\User-Pc\.m2\repository\net\bytebuddy\byte-buddy\1.8.15\byte-buddy-1.8.15.jar;C:\Users\User-Pc\.m2\repository\org\apache\commons\commons-exec\1.3\commons-exec-1.3.jar;C:\Users\User-Pc\.m2\repository\com\google\guava\guava\25.0-jre\guava-25.0-jre.jar;C:\Users\User-Pc\.m2\repository\org\checkerframework\checker-compat-qual\2.0.0\checker-compat-qual-2.0.0.jar;C:\Users\User-Pc\.m2\repository\com\google\errorprone\error_prone_annotations\2.1.3\error_prone_annotations-2.1.3.jar;C:\Users\User-Pc\.m2\repository\com\google\j2objc\j2objc-annotations\1.1\j2objc-annotations-1.1.jar;C:\Users\User-Pc\.m2\repository\org\codehaus\mojo\animal-sniffer-annotations\1.14\animal-sniffer-annotations-1.14.jar;C:\Users\User-Pc\.m2\repository\com\squareup\okhttp3\okhttp\3.11.0\okhttp-3.11.0.jar;C:\Users\User-Pc\.m2\repository\com\squareup\okio\okio\1.14.0\okio-1.14.0.jar;C:\Users\User-Pc\.m2\repository\org\testng\testng\7.6.1\testng-7.6.1.jar;C:\Users\User-Pc\.m2\repository\com\google\code\findbugs\jsr305\3.0.2\jsr305-3.0.2.jar;C:\Users\User-Pc\.m2\repository\org\slf4j\slf4j-api\1.7.36\slf4j-api-1.7.36.jar;C:\Users\User-Pc\.m2\repository\com\beust\jcommander\1.82\jcommander-1.82.jar;C:\Users\User-Pc\.m2\repository\org\webjars\jquery\3.6.0\jquery-3.6.0.jar;C:\Users\User-Pc\.m2\repository\org\apache\poi\poi\5.2.2\poi-5.2.2.jar;C:\Users\User-Pc\.m2\repository\commons-codec\commons-codec\1.15\commons-codec-1.15.jar;C:\Users\User-Pc\.m2\repository\org\apache\commons\commons-collections4\4.4\commons-collections4-4.4.jar;C:\Users\User-Pc\.m2\repository\org\apache\commons\commons-math3\3.6.1\commons-math3-3.6.1.jar;C:\Users\User-Pc\.m2\repository\com\zaxxer\SparseBitSet\1.2\SparseBitSet-1.2.jar;C:\Users\User-Pc\.m2\repository\org\apache\logging\log4j\log4j-api\2.17.2\log4j-api-2.17.2.jar;C:\Users\User-Pc\.m2\repository\org\apache\poi\poi-ooxml\5.2.2\poi-ooxml-5.2.2.jar;C:\Users\User-Pc\.m2\repository\org\apache\poi\poi-ooxml-lite\5.2.2\poi-ooxml-lite-5.2.2.jar;C:\Users\User-Pc\.m2\repository\org\apache\xmlbeans\xmlbeans\5.0.3\xmlbeans-5.0.3.jar;C:\Users\User-Pc\.m2\repository\org\apache\commons\commons-compress\1.21\commons-compress-1.21.jar;C:\Users\User-Pc\.m2\repository\com\github\virtuald\curvesapi\1.07\curvesapi-1.07.jar;C:\Users\User-Pc\.m2\repository\org\apache\poi\poi-ooxml-schemas\4.1.2\poi-ooxml-schemas-4.1.2.jar;C:\Users\User-Pc\.m2\repository\org\apache\poi\poi-scratchpad\5.2.2\poi-scratchpad-5.2.2.jar;C:\Users\User-Pc\.m2\repository\org\apache\poi\ooxml-schemas\1.4\ooxml-schemas-1.4.jar;C:\Users\User-Pc\.m2\repository\org\apache\poi\openxml4j\1.0-beta\openxml4j-1.0-beta.jar;C:\Users\User-Pc\.m2\repository\dom4j\dom4j\1.6.1\dom4j-1.6.1.jar;C:\Users\User-Pc\.m2\repository\xml-apis\xml-apis\1.0.b2\xml-apis-1.0.b2.jar;C:\Users\User-Pc\.m2\repository\log4j\log4j\1.2.8\log4j-1.2.8.jar;C:\Users\User-Pc\.m2\repository\commons-io\commons-io\2.8.0\commons-io-2.8.0.jar;C:\Users\User-Pc\.m2\repository\com\relevantcodes\extentreports\2.41.2\extentreports-2.41.2.jar;C:\Users\User-Pc\.m2\repository\org\jsoup\jsoup\1.8.3\jsoup-1.8.3.jar;C:\Users\User-Pc\.m2\repository\org\xerial\sqlite-jdbc\3.8.11.1\sqlite-jdbc-3.8.11.1.jar;C:\Users\User-Pc\.m2\repository\org\freemarker\freemarker\2.3.23\freemarker-2.3.23.jar;C:\Users\User-Pc\.m2\repository\org\mongodb\mongodb-driver\3.0.4\mongodb-driver-3.0.4.jar;C:\Users\User-Pc\.m2\repository\org\mongodb\bson\3.0.4\bson-3.0.4.jar;C:\Users\User-Pc\.m2\repository\org\mongodb\mongodb-driver-core\3.0.4\mongodb-driver-core-3.0.4.jar;"/>
    <property name="java.vm.vendor" value="Oracle Corporation"/>
    <property name="sun.arch.data.model" value="64"/>
    <property name="user.variant" value=""/>
    <property name="java.vendor.url" value="https://java.oracle.com/"/>
    <property name="user.timezone" value="America/Toronto"/>
    <property name="os.name" value="Windows 10"/>
    <property name="java.vm.specification.version" value="14"/>
    <property name="sun.java.launcher" value="SUN_STANDARD"/>
    <property name="user.country" value="CA"/>
    <property name="sun.boot.library.path" value="C:\Program Files\Java\jdk-14.0.2\bin"/>
    <property name="sun.java.command" value="C:\Users\User-Pc\AppData\Local\Temp\surefire9660760598965571994\surefirebooter17615068257034605228.jar C:\Users\User-Pc\AppData\Local\Temp\surefire9660760598965571994 2022-08-19T10-48-29_474-jvmRun1 surefire14030549671934957532tmp surefire_03472470754905327159tmp"/>
    <property name="jdk.debug" value="release"/>
    <property name="surefire.test.class.path" value="C:\SeleniumWorkSpace\FaceBookProjectTest\target\test-classes;C:\SeleniumWorkSpace\FaceBookProjectTest\target\classes;C:\Users\User-Pc\.m2\repository\org\seleniumhq\selenium\selenium-java\3.141.59\selenium-java-3.141.59.jar;C:\Users\User-Pc\.m2\repository\org\seleniumhq\selenium\selenium-api\3.141.59\selenium-api-3.141.59.jar;C:\Users\User-Pc\.m2\repository\org\seleniumhq\selenium\selenium-chrome-driver\3.141.59\selenium-chrome-driver-3.141.59.jar;C:\Users\User-Pc\.m2\repository\org\seleniumhq\selenium\selenium-edge-driver\3.141.59\selenium-edge-driver-3.141.59.jar;C:\Users\User-Pc\.m2\repository\org\seleniumhq\selenium\selenium-firefox-driver\3.141.59\selenium-firefox-driver-3.141.59.jar;C:\Users\User-Pc\.m2\repository\org\seleniumhq\selenium\selenium-ie-driver\3.141.59\selenium-ie-driver-3.141.59.jar;C:\Users\User-Pc\.m2\repository\org\seleniumhq\selenium\selenium-opera-driver\3.141.59\selenium-opera-driver-3.141.59.jar;C:\Users\User-Pc\.m2\repository\org\seleniumhq\selenium\selenium-remote-driver\3.141.59\selenium-remote-driver-3.141.59.jar;C:\Users\User-Pc\.m2\repository\org\seleniumhq\selenium\selenium-safari-driver\3.141.59\selenium-safari-driver-3.141.59.jar;C:\Users\User-Pc\.m2\repository\org\seleniumhq\selenium\selenium-support\3.141.59\selenium-support-3.141.59.jar;C:\Users\User-Pc\.m2\repository\net\bytebuddy\byte-buddy\1.8.15\byte-buddy-1.8.15.jar;C:\Users\User-Pc\.m2\repository\org\apache\commons\commons-exec\1.3\commons-exec-1.3.jar;C:\Users\User-Pc\.m2\repository\com\google\guava\guava\25.0-jre\guava-25.0-jre.jar;C:\Users\User-Pc\.m2\repository\org\checkerframework\checker-compat-qual\2.0.0\checker-compat-qual-2.0.0.jar;C:\Users\User-Pc\.m2\repository\com\google\errorprone\error_prone_annotations\2.1.3\error_prone_annotations-2.1.3.jar;C:\Users\User-Pc\.m2\repository\com\google\j2objc\j2objc-annotations\1.1\j2objc-annotations-1.1.jar;C:\Users\User-Pc\.m2\repository\org\codehaus\mojo\animal-sniffer-annotations\1.14\animal-sniffer-annotations-1.14.jar;C:\Users\User-Pc\.m2\repository\com\squareup\okhttp3\okhttp\3.11.0\okhttp-3.11.0.jar;C:\Users\User-Pc\.m2\repository\com\squareup\okio\okio\1.14.0\okio-1.14.0.jar;C:\Users\User-Pc\.m2\repository\org\testng\testng\7.6.1\testng-7.6.1.jar;C:\Users\User-Pc\.m2\repository\com\google\code\findbugs\jsr305\3.0.2\jsr305-3.0.2.jar;C:\Users\User-Pc\.m2\repository\org\slf4j\slf4j-api\1.7.36\slf4j-api-1.7.36.jar;C:\Users\User-Pc\.m2\repository\com\beust\jcommander\1.82\jcommander-1.82.jar;C:\Users\User-Pc\.m2\repository\org\webjars\jquery\3.6.0\jquery-3.6.0.jar;C:\Users\User-Pc\.m2\repository\org\apache\poi\poi\5.2.2\poi-5.2.2.jar;C:\Users\User-Pc\.m2\repository\commons-codec\commons-codec\1.15\commons-codec-1.15.jar;C:\Users\User-Pc\.m2\repository\org\apache\commons\commons-collections4\4.4\commons-collections4-4.4.jar;C:\Users\User-Pc\.m2\repository\org\apache\commons\commons-math3\3.6.1\commons-math3-3.6.1.jar;C:\Users\User-Pc\.m2\repository\com\zaxxer\SparseBitSet\1.2\SparseBitSet-1.2.jar;C:\Users\User-Pc\.m2\repository\org\apache\logging\log4j\log4j-api\2.17.2\log4j-api-2.17.2.jar;C:\Users\User-Pc\.m2\repository\org\apache\poi\poi-ooxml\5.2.2\poi-ooxml-5.2.2.jar;C:\Users\User-Pc\.m2\repository\org\apache\poi\poi-ooxml-lite\5.2.2\poi-ooxml-lite-5.2.2.jar;C:\Users\User-Pc\.m2\repository\org\apache\xmlbeans\xmlbeans\5.0.3\xmlbeans-5.0.3.jar;C:\Users\User-Pc\.m2\repository\org\apache\commons\commons-compress\1.21\commons-compress-1.21.jar;C:\Users\User-Pc\.m2\repository\com\github\virtuald\curvesapi\1.07\curvesapi-1.07.jar;C:\Users\User-Pc\.m2\repository\org\apache\poi\poi-ooxml-schemas\4.1.2\poi-ooxml-schemas-4.1.2.jar;C:\Users\User-Pc\.m2\repository\org\apache\poi\poi-scratchpad\5.2.2\poi-scratchpad-5.2.2.jar;C:\Users\User-Pc\.m2\repository\org\apache\poi\ooxml-schemas\1.4\ooxml-schemas-1.4.jar;C:\Users\User-Pc\.m2\repository\org\apache\poi\openxml4j\1.0-beta\openxml4j-1.0-beta.jar;C:\Users\User-Pc\.m2\repository\dom4j\dom4j\1.6.1\dom4j-1.6.1.jar;C:\Users\User-Pc\.m2\repository\xml-apis\xml-apis\1.0.b2\xml-apis-1.0.b2.jar;C:\Users\User-Pc\.m2\repository\log4j\log4j\1.2.8\log4j-1.2.8.jar;C:\Users\User-Pc\.m2\repository\commons-io\commons-io\2.8.0\commons-io-2.8.0.jar;C:\Users\User-Pc\.m2\repository\com\relevantcodes\extentreports\2.41.2\extentreports-2.41.2.jar;C:\Users\User-Pc\.m2\repository\org\jsoup\jsoup\1.8.3\jsoup-1.8.3.jar;C:\Users\User-Pc\.m2\repository\org\xerial\sqlite-jdbc\3.8.11.1\sqlite-jdbc-3.8.11.1.jar;C:\Users\User-Pc\.m2\repository\org\freemarker\freemarker\2.3.23\freemarker-2.3.23.jar;C:\Users\User-Pc\.m2\repository\org\mongodb\mongodb-driver\3.0.4\mongodb-driver-3.0.4.jar;C:\Users\User-Pc\.m2\repository\org\mongodb\bson\3.0.4\bson-3.0.4.jar;C:\Users\User-Pc\.m2\repository\org\mongodb\mongodb-driver-core\3.0.4\mongodb-driver-core-3.0.4.jar;"/>
    <property name="sun.cpu.endian" value="little"/>
    <property name="user.home" value="C:\Users\User-Pc"/>
    <property name="user.language" value="en"/>
    <property name="java.specification.vendor" value="Oracle Corporation"/>
    <property name="java.version.date" value="2020-07-14"/>
    <property name="java.home" value="C:\Program Files\Java\jdk-14.0.2"/>
    <property name="file.separator" value="\"/>
    <property name="basedir" value="C:\SeleniumWorkSpace\FaceBookProjectTest"/>
    <property name="java.vm.compressedOopsMode" value="32-bit"/>
    <property name="line.separator" value="&#10;"/>
    <property name="java.vm.specification.vendor" value="Oracle Corporation"/>
    <property name="java.specification.name" value="Java Platform API Specification"/>
    <property name="surefire.real.class.path" value="C:\Users\User-Pc\AppData\Local\Temp\surefire9660760598965571994\surefirebooter17615068257034605228.jar"/>
    <property name="user.script" value=""/>
    <property name="sun.management.compiler" value="HotSpot 64-Bit Tiered Compilers"/>
    <property name="java.runtime.version" value="14.0.2+12-46"/>
    <property name="user.name" value="User-Pc"/>
    <property name="path.separator" value=";"/>
    <property name="os.version" value="10.0"/>
    <property name="java.runtime.name" value="Java(TM) SE Runtime Environment"/>
    <property name="file.encoding" value="Cp1252"/>
    <property name="java.vm.name" value="Java HotSpot(TM) 64-Bit Server VM"/>
    <property name="localRepository" value="C:\Users\User-Pc\.m2\repository"/>
    <property name="java.vendor.url.bug" value="https://bugreport.java.com/bugreport/"/>
    <property name="java.io.tmpdir" value="C:\Users\User-Pc\AppData\Local\Temp\"/>
    <property name="java.version" value="14.0.2"/>
    <property name="user.dir" value="C:\SeleniumWorkSpace\FaceBookProjectTest"/>
    <property name="os.arch" value="amd64"/>
    <property name="java.vm.specification.name" value="Java Virtual Machine Specification"/>
    <property name="sun.os.patch.level" value=""/>
    <property name="java.library.path" value="C:\Program Files\Java\jdk-14.0.2\bin;C:\WINDOWS\Sun\Java\bin;C:\WINDOWS\system32;C:\WINDOWS;C:\Program Files (x86)\Common Files\Oracle\Java\javapath;C:\ProgramData\Oracle\Java\javapath;C:\Program Files (x86)\Intel\iCLS Client\;C:\Program Files\Intel\iCLS Client\;C:\WINDOWS\system32;C:\WINDOWS;C:\WINDOWS\System32\Wbem;C:\WINDOWS\System32\WindowsPowerShell\v1.0\;C:\WINDOWS\System32\OpenSSH\;C:\Program Files (x86)\Intel\Intel(R) Management Engine Components\DAL;C:\Program Files\Intel\Intel(R) Management Engine Components\DAL;C:\Program Files (x86)\Intel\Intel(R) Management Engine Components\IPT;C:\Program Files\Intel\Intel(R) Management Engine Components\IPT;C:\Program Files\Intel\WiFi\bin\;C:\Program Files\Common Files\Intel\WirelessCommon\;C:\apache-ant-1.10.12\bin;C:\Program Files\Java\jdk-14.0.2\bin;C:\apache-maven-3.8.6-bin\apache-maven-3.8.6\bin;C:\Users\User-Pc\AppData\Local\Microsoft\WindowsApps;C:\Program Files\Intel\WiFi\bin\;C:\Program Files\Common Files\Intel\WirelessCommon\;;."/>
    <property name="java.vm.info" value="mixed mode, sharing"/>
    <property name="java.vendor" value="Oracle Corporation"/>
    <property name="java.vm.version" value="14.0.2+12-46"/>
    <property name="sun.io.unicode.encoding" value="UnicodeLittle"/>
    <property name="java.class.version" value="58.0"/>
  </properties>
  <testcase name="verifyEventsPageLabel" classname="com.fbp.qa.testcases.EventPageTest" time="0.389"/>
  <testcase name="selectNotificationsTest" classname="com.fbp.qa.testcases.EventPageTest" time="3.337"/>
  <testcase name="verifyHomePageTitleTest" classname="com.fbp.qa.testcases.HomePageTest" time="3.259">
    <failure message="Home Page Title not matched expected [Facebook - log in or sign up] but found []" type="java.lang.AssertionError">java.lang.AssertionError: Home Page Title not matched expected [Facebook - log in or sign up] but found []
	at com.fbp.qa.testcases.HomePageTest.verifyHomePageTitleTest(HomePageTest.java:36)
</failure>
    <system-out><![CDATA[Before navigating to: 'https://www.facebook.com/'
Navigated to:'https://www.facebook.com/'
Trying to find Element By : By.name: email
Found Element By : By.name: email
Trying to find Element By : By.name: pass
Found Element By : By.name: pass
Trying to find Element By : By.name: login
Found Element By : By.name: login
Trying to click on: [[ChromeDriver: chrome on WINDOWS (7d958b55a119a0610ecf313047863982)] -> name: login]
Clicked on: [[ChromeDriver: chrome on WINDOWS (7d958b55a119a0610ecf313047863982)] -> name: login]
]]></system-out>
    <system-err><![CDATA[Starting ChromeDriver 102.0.5005.61 (0e59bcc00cc4985ce39ad31c150065f159d95ad3-refs/branch-heads/5005@{#819}) on port 20987
Only local connections are allowed.
Please see https://chromedriver.chromium.org/security-considerations for suggestions on keeping ChromeDriver safe.
ChromeDriver was started successfully.
Aug. 19, 2022 10:48:58 A.M. org.openqa.selenium.remote.ProtocolHandshake createSession
INFO: Detected dialect: W3C
]]></system-err>
  </testcase>
  <testcase name="verifyUserNameTest" classname="com.fbp.qa.testcases.HomePageTest" time="3.7"/>
  <testcase name="verifyEventTest" classname="com.fbp.qa.testcases.HomePageTest" time="4.125"/>
  <testcase name="loginPageTitleTest" classname="com.fbp.qa.testcases.LoginPageTest" time="0.009"/>
  <testcase name="fblogoImgTest" classname="com.fbp.qa.testcases.LoginPageTest" time="0.044"/>
  <testcase name="loginTest" classname="com.fbp.qa.testcases.LoginPageTest" time="0.269"/>
</testsuite>