<?xml version="1.0" encoding="UTF-8"?>
<!-- Generated by org.testng.reporters.JUnitReportReporter -->
<testsuite hostname="Lenovo-PBZLEYW" failures="0" tests="3" name="com.fbp.qa.testcases.HomePageTest" time="26.388" errors="0" timestamp="2022-08-19T09:41:57 EDT" skipped="0">
  <testcase classname="com.fbp.qa.testcases.HomePageTest" name="verifyHomePageTitleTest" time="8.201"/>
  <system-out/>
  <testcase classname="com.fbp.qa.testcases.HomePageTest" name="verifyUserNameTest" time="9.167"/>
  <system-out/>
  <testcase classname="com.fbp.qa.testcases.HomePageTest" name="verifyEventTest" time="9.020"/>
  <system-out/>
</testsuite> <!-- com.fbp.qa.testcases.HomePageTest -->
