<?xml version="1.0" encoding="UTF-8"?>
<!-- Generated by org.testng.reporters.JUnitReportReporter -->
<testsuite hostname="Lenovo-PBZLEYW" failures="0" tests="3" name="com.fbp.qa.testcases.LoginPageTest" time="17.154" errors="0" timestamp="2022-08-19T09:41:57 EDT" skipped="0">
  <testcase classname="com.fbp.qa.testcases.LoginPageTest" name="loginPageTitleTest" time="5.782"/>
  <system-out/>
  <testcase classname="com.fbp.qa.testcases.LoginPageTest" name="fblogoImgTest" time="6.394"/>
  <system-out/>
  <testcase classname="com.fbp.qa.testcases.LoginPageTest" name="loginTest" time="4.978"/>
  <system-out/>
</testsuite> <!-- com.fbp.qa.testcases.LoginPageTest -->
