<?xml version="1.0" encoding="UTF-8"?>
<!-- Generated by org.testng.reporters.JUnitReportReporter -->
<testsuite hostname="Lenovo-PBZLEYW" failures="0" tests="2" name="com.fbp.qa.testcases.EventPageTest" time="20.800" errors="0" timestamp="2022-08-19T09:41:57 EDT" skipped="0">
  <testcase classname="com.fbp.qa.testcases.EventPageTest" name="verifyEventsPageLabel" time="8.855"/>
  <system-out/>
  <testcase classname="com.fbp.qa.testcases.EventPageTest" name="selectNotificationsTest" time="11.945"/>
  <system-out/>
</testsuite> <!-- com.fbp.qa.testcases.EventPageTest -->
