<?xml version="1.0" encoding="UTF-8"?>
<!-- Generated by org.testng.reporters.JUnitReportReporter -->
<testsuite hostname="Lenovo-PBZLEYW" failures="0" tests="3" name="com.fbp.qa.testcases.LoginPageTest" time="13.872" errors="0" timestamp="2022-08-19T10:49:36 EDT" skipped="0">
  <testcase classname="com.fbp.qa.testcases.LoginPageTest" name="loginPageTitleTest" time="4.481"/>
  <system-out/>
  <testcase classname="com.fbp.qa.testcases.LoginPageTest" name="fblogoImgTest" time="4.398"/>
  <system-out/>
  <testcase classname="com.fbp.qa.testcases.LoginPageTest" name="loginTest" time="4.993"/>
  <system-out/>
</testsuite> <!-- com.fbp.qa.testcases.LoginPageTest -->
