<?xml version="1.0" encoding="UTF-8"?>
<!-- Generated by org.testng.reporters.JUnitReportReporter -->
<testsuite hostname="Lenovo-PBZLEYW" failures="0" tests="2" name="com.fbp.qa.testcases.EventPageTest" time="26.069" errors="0" timestamp="2022-08-19T10:49:36 EDT" skipped="0">
  <testcase classname="com.fbp.qa.testcases.EventPageTest" name="verifyEventsPageLabel" time="12.858"/>
  <system-out/>
  <testcase classname="com.fbp.qa.testcases.EventPageTest" name="selectNotificationsTest" time="13.211"/>
  <system-out/>
</testsuite> <!-- com.fbp.qa.testcases.EventPageTest -->
